android/app/build/intermediates/manifest_merge_blame_file/release/manifest-merger-blame-release-report.txt
1<?xml version="1.0" encoding="utf-8"?>
2<manifest xmlns:android="http://schemas.android.com/apk/res/android"
3    package="com.comgdsnetapp"
4    android:versionCode="3"
5    android:versionName="3.0" >
6
7    <uses-sdk
8        android:minSdkVersion="16"
8-->src/main/AndroidManifest.xml
9        android:targetSdkVersion="29" />
9-->src/main/AndroidManifest.xml
10
11    <uses-permission android:name="android.permission.INTERNET" />
11-->src/main/AndroidManifest.xml:4:5-67
11-->src/main/AndroidManifest.xml:4:22-64
12    <uses-permission android:name="android.permission.CAMERA" />
12-->[:react-native-camera] AndroidManifest.xml:9:5-65
12-->[:react-native-camera] AndroidManifest.xml:9:22-62
13
14    <uses-feature
14-->[:react-native-camera] AndroidManifest.xml:11:5-13:36
15        android:name="android.hardware.camera"
15-->[:react-native-camera] AndroidManifest.xml:12:9-47
16        android:required="false" />
16-->[:react-native-camera] AndroidManifest.xml:13:9-33
17    <uses-feature
17-->[:react-native-camera] AndroidManifest.xml:14:5-16:36
18        android:name="android.hardware.camera.autofocus"
18-->[:react-native-camera] AndroidManifest.xml:15:9-57
19        android:required="false" />
19-->[:react-native-camera] AndroidManifest.xml:16:9-33
20
21    <uses-permission android:name="android.permission.WRITE_EXTERNAL_STORAGE" />
21-->[:react-native-fs] AndroidManifest.xml:11:5-81
21-->[:react-native-fs] AndroidManifest.xml:11:22-78
22    <uses-permission android:name="android.permission.SYSTEM_ALERT_WINDOW" />
22-->[:react-native-picker] AndroidManifest.xml:11:5-78
22-->[:react-native-picker] AndroidManifest.xml:11:22-75
23
24    <application
24-->src/main/AndroidManifest.xml:6:5-24:19
25        android:name="com.comgdsnetapp.MainApplication"
25-->src/main/AndroidManifest.xml:7:7-38
26        android:allowBackup="false"
26-->src/main/AndroidManifest.xml:11:7-34
27        android:appComponentFactory="androidx.core.app.CoreComponentFactory"
27-->[androidx.core:core:1.1.0] AndroidManifest.xml:24:18-86
28        android:icon="@mipmap/ic_launcher"
28-->src/main/AndroidManifest.xml:9:7-41
29        android:label="@string/app_name"
29-->src/main/AndroidManifest.xml:8:7-39
30        android:roundIcon="@mipmap/ic_launcher_round"
30-->src/main/AndroidManifest.xml:10:7-52
31        android:theme="@style/AppTheme" >
31-->src/main/AndroidManifest.xml:12:7-38
32        <activity
32-->src/main/AndroidManifest.xml:13:7-22:18
33            android:name="com.comgdsnetapp.MainActivity"
33-->src/main/AndroidManifest.xml:14:9-37
34            android:configChanges="keyboard|keyboardHidden|orientation|screenSize"
34-->src/main/AndroidManifest.xml:16:9-79
35            android:label="@string/app_name"
35-->src/main/AndroidManifest.xml:15:9-41
36            android:windowSoftInputMode="adjustResize" >
36-->src/main/AndroidManifest.xml:17:9-51
37            <intent-filter>
37-->src/main/AndroidManifest.xml:18:9-21:25
38                <action android:name="android.intent.action.MAIN" />
38-->src/main/AndroidManifest.xml:19:13-65
38-->src/main/AndroidManifest.xml:19:21-62
39
40                <category android:name="android.intent.category.LAUNCHER" />
40-->src/main/AndroidManifest.xml:20:13-73
40-->src/main/AndroidManifest.xml:20:23-70
41            </intent-filter>
42        </activity>
43        <activity android:name="com.facebook.react.devsupport.DevSettingsActivity" />
43-->src/main/AndroidManifest.xml:23:7-84
43-->src/main/AndroidManifest.xml:23:17-81
44
45        <provider
45-->[:react-native-image-picker] AndroidManifest.xml:10:9-18:20
46            android:name="com.imagepicker.FileProvider"
46-->[:react-native-image-picker] AndroidManifest.xml:11:13-56
47            android:authorities="com.comgdsnetapp.provider"
47-->[:react-native-image-picker] AndroidManifest.xml:12:13-60
48            android:exported="false"
48-->[:react-native-image-picker] AndroidManifest.xml:13:13-37
49            android:grantUriPermissions="true" >
49-->[:react-native-image-picker] AndroidManifest.xml:14:13-47
50            <meta-data
50-->[:react-native-image-picker] AndroidManifest.xml:15:13-17:58
51                android:name="android.support.FILE_PROVIDER_PATHS"
51-->[:react-native-image-picker] AndroidManifest.xml:16:17-67
52                android:resource="@xml/provider_paths" />
52-->[:react-native-image-picker] AndroidManifest.xml:17:17-55
53        </provider>
54        <provider
54-->[:react-native-share] AndroidManifest.xml:15:9-25:20
55            android:name="cl.json.RNShareFileProvider"
55-->[:react-native-share] AndroidManifest.xml:16:13-55
56            android:authorities="com.comgdsnetapp.rnshare.fileprovider"
56-->[:react-native-share] AndroidManifest.xml:17:13-72
57            android:exported="false"
57-->[:react-native-share] AndroidManifest.xml:18:13-37
58            android:grantUriPermissions="true" >
58-->[:react-native-share] AndroidManifest.xml:19:13-47
59            <meta-data
59-->[:react-native-image-picker] AndroidManifest.xml:15:13-17:58
60                android:name="android.support.FILE_PROVIDER_PATHS"
60-->[:react-native-image-picker] AndroidManifest.xml:16:17-67
61                android:resource="@xml/share_download_paths" />
61-->[:react-native-image-picker] AndroidManifest.xml:17:17-55
62        </provider>
63
64        <activity
64-->[com.google.android.gms:play-services-base:16.0.1] AndroidManifest.xml:23:9-26:75
65            android:name="com.google.android.gms.common.api.GoogleApiActivity"
65-->[com.google.android.gms:play-services-base:16.0.1] AndroidManifest.xml:24:13-79
66            android:exported="false"
66-->[com.google.android.gms:play-services-base:16.0.1] AndroidManifest.xml:25:13-37
67            android:theme="@android:style/Theme.Translucent.NoTitleBar" />
67-->[com.google.android.gms:play-services-base:16.0.1] AndroidManifest.xml:26:13-72
68
69        <meta-data
69-->[com.google.android.gms:play-services-basement:16.1.0] AndroidManifest.xml:23:9-25:69
70            android:name="com.google.android.gms.version"
70-->[com.google.android.gms:play-services-basement:16.1.0] AndroidManifest.xml:24:13-58
71            android:value="@integer/google_play_services_version" />
71-->[com.google.android.gms:play-services-basement:16.1.0] AndroidManifest.xml:25:13-66
72    </application>
73
74</manifest>